2021-06-03 12:44:52 Lootnika INFO: Welcome to http://localhost:8080/admin
2021-06-03 12:44:52 Lootnika INFO: Lootnika started - Source version: 1.2.0-beta.0_nt
2021-06-03 12:44:52 Lootnika WARNING: Found changes in documentations. Start me with <make-doc> key.
2021-06-03 12:44:52 Lootnika INFO: Found new picker docs: lootnika_pyodbc
2021-06-03 12:44:52 Lootnika INFO: Found new picker docs: lootnika_mysql
2021-06-03 12:44:52 Lootnika INFO: Found new exporter docs: lootnika_text
2021-06-03 12:44:52 Lootnika INFO: Found new exporter docs: lootnika_binary
2021-06-03 12:44:51 Lootnika WARNING: Creating new tasks journal scheme
2021-06-03 12:44:51 Lootnika WARNING: The previous shutdown was unexpected. Last lootnika status: working.
2021-06-02 21:50:45 Lootnika INFO: Lootnika stopped
2021-06-02 21:50:42 Lootnika WARNING: Lootnika stopping on 0.0.0.0:8080
2021-06-03 12:44:52 Lootnika INFO: Welcome to http://localhost:8080/admin
2021-06-03 12:44:52 Lootnika INFO: Lootnika started - Source version: 1.2.0-beta.0_nt
2021-06-03 12:44:52 Lootnika WARNING: Found changes in documentations. Start me with <make-doc> key.
2021-06-03 12:44:52 Lootnika INFO: Found new picker docs: lootnika_pyodbc
2021-06-03 12:44:52 Lootnika INFO: Found new picker docs: lootnika_mysql
2021-06-03 12:44:52 Lootnika INFO: Found new exporter docs: lootnika_text
2021-06-03 12:44:52 Lootnika INFO: Found new exporter docs: lootnika_binary
2021-06-03 12:44:51 Lootnika WARNING: Creating new tasks journal scheme
2021-06-03 12:44:51 Lootnika WARNING: The previous shutdown was unexpected. Last lootnika status: working.
2021-06-02 21:50:45 Lootnika INFO: Lootnika stopped
2021-06-02 21:50:42 Lootnika WARNING: Lootnika stopping on 0.0.0.0:8080
2021-06-03 12:44:52 Lootnika INFO: Welcome to http://localhost:8080/admin
2021-06-03 12:44:52 Lootnika INFO: Lootnika started - Source version: 1.2.0-beta.0_nt
2021-06-03 12:44:52 Lootnika WARNING: Found changes in documentations. Start me with <make-doc> key.
2021-06-03 12:44:52 Lootnika INFO: Found new picker docs: lootnika_pyodbc
2021-06-03 12:44:52 Lootnika INFO: Found new picker docs: lootnika_mysql
2021-06-03 12:44:52 Lootnika INFO: Found new exporter docs: lootnika_text
2021-06-03 12:44:52 Lootnika INFO: Found new exporter docs: lootnika_binary
2021-06-03 12:44:51 Lootnika WARNING: Creating new tasks journal scheme
2021-06-03 12:44:51 Lootnika WARNING: The previous shutdown was unexpected. Last lootnika status: working.
2021-06-02 21:50:45 Lootnika INFO: Lootnika stopped
2021-06-02 21:50:42 Lootnika WARNING: Lootnika stopping on 0.0.0.0:8080
2021-06-03 12:44:52 Lootnika INFO: Welcome to http://localhost:8080/admin
2021-06-03 12:44:52 Lootnika INFO: Lootnika started - Source version: 1.2.0-beta.0_nt
2021-06-03 12:44:52 Lootnika WARNING: Found changes in documentations. Start me with <make-doc> key.
2021-06-03 12:44:52 Lootnika INFO: Found new picker docs: lootnika_pyodbc
2021-06-03 12:44:52 Lootnika INFO: Found new picker docs: lootnika_mysql
2021-06-03 12:44:52 Lootnika INFO: Found new exporter docs: lootnika_text
2021-06-03 12:44:52 Lootnika INFO: Found new exporter docs: lootnika_binary
2021-06-03 12:44:51 Lootnika WARNING: Creating new tasks journal scheme
2021-06-03 12:44:51 Lootnika WARNING: The previous shutdown was unexpected. Last lootnika status: working.
2021-06-02 21:50:45 Lootnika INFO: Lootnika stopped
2021-06-02 21:50:42 Lootnika WARNING: Lootnika stopping on 0.0.0.0:8080
2021-06-03 12:44:52 Lootnika INFO: Welcome to http://localhost:8080/admin
2021-06-03 12:44:52 Lootnika INFO: Lootnika started - Source version: 1.2.0-beta.0_nt
2021-06-03 12:44:52 Lootnika WARNING: Found changes in documentations. Start me with <make-doc> key.
2021-06-03 12:44:52 Lootnika INFO: Found new picker docs: lootnika_pyodbc
2021-06-03 12:44:52 Lootnika INFO: Found new picker docs: lootnika_mysql
2021-06-03 12:44:52 Lootnika INFO: Found new exporter docs: lootnika_text
2021-06-03 12:44:52 Lootnika INFO: Found new exporter docs: lootnika_binary
2021-06-03 12:44:51 Lootnika WARNING: Creating new tasks journal scheme
2021-06-03 12:44:51 Lootnika WARNING: The previous shutdown was unexpected. Last lootnika status: working.
2021-06-02 21:50:45 Lootnika INFO: Lootnika stopped
2021-06-02 21:50:42 Lootnika WARNING: Lootnika stopping on 0.0.0.0:8080
2021-06-03 12:44:52 Lootnika INFO: Welcome to http://localhost:8080/admin
2021-06-03 12:44:52 Lootnika INFO: Lootnika started - Source version: 1.2.0-beta.0_nt
2021-06-03 12:44:52 Lootnika WARNING: Found changes in documentations. Start me with <make-doc> key.
2021-06-03 12:44:52 Lootnika INFO: Found new picker docs: lootnika_pyodbc
2021-06-03 12:44:52 Lootnika INFO: Found new picker docs: lootnika_mysql
2021-06-03 12:44:52 Lootnika INFO: Found new exporter docs: lootnika_text
2021-06-03 12:44:52 Lootnika INFO: Found new exporter docs: lootnika_binary
2021-06-03 12:44:51 Lootnika WARNING: Creating new tasks journal scheme
2021-06-03 12:44:51 Lootnika WARNING: The previous shutdown was unexpected. Last lootnika status: working.
2021-06-02 21:50:45 Lootnika INFO: Lootnika stopped
2021-06-02 21:50:42 Lootnika WARNING: Lootnika stopping on 0.0.0.0:8080
2021-06-03 12:44:52 Lootnika INFO: Welcome to http://localhost:8080/admin
2021-06-03 12:44:52 Lootnika INFO: Lootnika started - Source version: 1.2.0-beta.0_nt
2021-06-03 12:44:52 Lootnika WARNING: Found changes in documentations. Start me with <make-doc> key.
2021-06-03 12:44:52 Lootnika INFO: Found new picker docs: lootnika_pyodbc
2021-06-03 12:44:52 Lootnika INFO: Found new picker docs: lootnika_mysql
2021-06-03 12:44:52 Lootnika INFO: Found new exporter docs: lootnika_text
2021-06-03 12:44:52 Lootnika INFO: Found new exporter docs: lootnika_binary
2021-06-03 12:44:51 Lootnika WARNING: Creating new tasks journal scheme
2021-06-03 12:44:51 Lootnika WARNING: The previous shutdown was unexpected. Last lootnika status: working.
2021-06-02 21:50:45 Lootnika INFO: Lootnika stopped
2021-06-02 21:50:42 Lootnika WARNING: Lootnika stopping on 0.0.0.0:8080
2021-06-03 12:44:52 Lootnika INFO: Welcome to http://localhost:8080/admin
2021-06-03 12:44:52 Lootnika INFO: Lootnika started - Source version: 1.2.0-beta.0_nt
2021-06-03 12:44:52 Lootnika WARNING: Found changes in documentations. Start me with <make-doc> key.
2021-06-03 12:44:52 Lootnika INFO: Found new picker docs: lootnika_pyodbc
2021-06-03 12:44:52 Lootnika INFO: Found new picker docs: lootnika_mysql
2021-06-03 12:44:52 Lootnika INFO: Found new exporter docs: lootnika_text
2021-06-03 12:44:52 Lootnika INFO: Found new exporter docs: lootnika_binary
2021-06-03 12:44:51 Lootnika WARNING: Creating new tasks journal scheme
2021-06-03 12:44:51 Lootnika WARNING: The previous shutdown was unexpected. Last lootnika status: working.
2021-06-02 21:50:45 Lootnika INFO: Lootnika stopped
2021-06-02 21:50:42 Lootnika WARNING: Lootnika stopping on 0.0.0.0:8080
2021-06-03 12:44:52 Lootnika INFO: Welcome to http://localhost:8080/admin
2021-06-03 12:44:52 Lootnika INFO: Lootnika started - Source version: 1.2.0-beta.0_nt
2021-06-03 12:44:52 Lootnika WARNING: Found changes in documentations. Start me with <make-doc> key.
2021-06-03 12:44:52 Lootnika INFO: Found new picker docs: lootnika_pyodbc
2021-06-03 12:44:52 Lootnika INFO: Found new picker docs: lootnika_mysql
2021-06-03 12:44:52 Lootnika INFO: Found new exporter docs: lootnika_text
2021-06-03 12:44:52 Lootnika INFO: Found new exporter docs: lootnika_binary
2021-06-03 12:44:51 Lootnika WARNING: Creating new tasks journal scheme
2021-06-03 12:44:51 Lootnika WARNING: The previous shutdown was unexpected. Last lootnika status: working.
2021-06-02 21:50:45 Lootnika INFO: Lootnika stopped
2021-06-02 21:50:42 Lootnika WARNING: Lootnika stopping on 0.0.0.0:8080
2021-06-03 12:44:52 Lootnika INFO: Welcome to http://localhost:8080/admin
2021-06-03 12:44:52 Lootnika INFO: Lootnika started - Source version: 1.2.0-beta.0_nt
2021-06-03 12:44:52 Lootnika WARNING: Found changes in documentations. Start me with <make-doc> key.
2021-06-03 12:44:52 Lootnika INFO: Found new picker docs: lootnika_pyodbc
2021-06-03 12:44:52 Lootnika INFO: Found new picker docs: lootnika_mysql
2021-06-03 12:44:52 Lootnika INFO: Found new exporter docs: lootnika_text
2021-06-03 12:44:52 Lootnika INFO: Found new exporter docs: lootnika_binary
2021-06-03 12:44:51 Lootnika WARNING: Creating new tasks journal scheme
2021-06-03 12:44:51 Lootnika WARNING: The previous shutdown was unexpected. Last lootnika status: working.
2021-06-02 21:50:45 Lootnika INFO: Lootnika stopped
2021-06-02 21:50:42 Lootnika WARNING: Lootnika stopping on 0.0.0.0:8080
2021-06-03 12:44:52 Lootnika INFO: Welcome to http://localhost:8080/admin
2021-06-03 12:44:52 Lootnika INFO: Lootnika started - Source version: 1.2.0-beta.0_nt
2021-06-03 12:44:52 Lootnika WARNING: Found changes in documentations. Start me with <make-doc> key.
2021-06-03 12:44:52 Lootnika INFO: Found new picker docs: lootnika_pyodbc
2021-06-03 12:44:52 Lootnika INFO: Found new picker docs: lootnika_mysql
2021-06-03 12:44:52 Lootnika INFO: Found new exporter docs: lootnika_text
2021-06-03 12:44:52 Lootnika INFO: Found new exporter docs: lootnika_binary
2021-06-03 12:44:51 Lootnika WARNING: Creating new tasks journal scheme
2021-06-03 12:44:51 Lootnika WARNING: The previous shutdown was unexpected. Last lootnika status: working.
2021-06-02 21:50:45 Lootnika INFO: Lootnika stopped
2021-06-02 21:50:42 Lootnika WARNING: Lootnika stopping on 0.0.0.0:8080
2021-06-03 12:44:52 Lootnika INFO: Welcome to http://localhost:8080/admin
2021-06-03 12:44:52 Lootnika INFO: Lootnika started - Source version: 1.2.0-beta.0_nt
2021-06-03 12:44:52 Lootnika WARNING: Found changes in documentations. Start me with <make-doc> key.
2021-06-03 12:44:52 Lootnika INFO: Found new picker docs: lootnika_pyodbc
2021-06-03 12:44:52 Lootnika INFO: Found new picker docs: lootnika_mysql
2021-06-03 12:44:52 Lootnika INFO: Found new exporter docs: lootnika_text
2021-06-03 12:44:52 Lootnika INFO: Found new exporter docs: lootnika_binary
2021-06-03 12:44:51 Lootnika WARNING: Creating new tasks journal scheme
2021-06-03 12:44:51 Lootnika WARNING: The previous shutdown was unexpected. Last lootnika status: working.
2021-06-02 21:50:45 Lootnika INFO: Lootnika stopped
2021-06-02 21:50:42 Lootnika WARNING: Lootnika stopping on 0.0.0.0:8080
