					Export errors: 0
					Task errors: 0
					Deleted: 0
					Differ: 0
					New: 50
					Seen: 50
					Total objects: 50
2021-06-06 00:53:34 user_topics INFO: Task done
2021-06-06 00:53:34 user_topics INFO: New parcel sending, size: 2
2021-06-06 00:53:34 user_topics INFO: Document myDB-50 is new
2021-06-06 00:53:34 user_topics INFO: Receive 50 (50/50)
2021-06-06 00:53:34 user_topics INFO: Document myDB-49 is new
2021-06-06 00:53:34 user_topics INFO: New parcel sending, size: 8
2021-06-06 00:53:34 user_topics INFO: Receive 49 (49/50)
2021-06-06 00:53:34 user_topics INFO: Document myDB-48 is new
2021-06-06 00:53:34 user_topics INFO: Receive 48 (48/50)
2021-06-06 00:53:34 user_topics INFO: Document myDB-47 is new
2021-06-06 00:53:34 user_topics INFO: Receive 47 (47/50)
2021-06-06 00:53:34 user_topics INFO: Document myDB-46 is new
2021-06-06 00:53:34 user_topics INFO: Receive 46 (46/50)
2021-06-06 00:53:34 user_topics INFO: Document myDB-45 is new
2021-06-06 00:53:34 user_topics INFO: Receive 45 (45/50)
2021-06-06 00:53:34 user_topics INFO: Document myDB-44 is new
2021-06-06 00:53:34 user_topics INFO: Receive 44 (44/50)
2021-06-06 00:53:34 user_topics INFO: Document myDB-43 is new
2021-06-06 00:53:34 user_topics INFO: Receive 43 (43/50)
2021-06-06 00:53:34 user_topics INFO: Document myDB-42 is new
2021-06-06 00:53:34 user_topics INFO: Receive 42 (42/50)
2021-06-06 00:53:33 user_topics INFO: Document myDB-41 is new
2021-06-06 00:53:33 user_topics INFO: New parcel sending, size: 8
2021-06-06 00:53:33 user_topics INFO: Receive 41 (41/50)
2021-06-06 00:53:33 user_topics INFO: Document myDB-40 is new
2021-06-06 00:53:33 user_topics INFO: Receive 40 (40/50)
2021-06-06 00:53:33 user_topics INFO: Document myDB-39 is new
2021-06-06 00:53:33 user_topics INFO: Receive 39 (39/50)
2021-06-06 00:53:33 user_topics INFO: Document myDB-38 is new
2021-06-06 00:53:33 user_topics INFO: Receive 38 (38/50)
2021-06-06 00:53:33 user_topics INFO: Document myDB-37 is new
2021-06-06 00:53:33 user_topics INFO: Receive 37 (37/50)
2021-06-06 00:53:33 user_topics INFO: Document myDB-36 is new
2021-06-06 00:53:33 user_topics INFO: Receive 36 (36/50)
2021-06-06 00:53:33 user_topics INFO: Document myDB-35 is new
2021-06-06 00:53:33 user_topics INFO: Receive 35 (35/50)
2021-06-06 00:53:33 user_topics INFO: Document myDB-34 is new
2021-06-06 00:53:33 user_topics INFO: Receive 34 (34/50)
2021-06-06 00:53:33 user_topics INFO: Document myDB-33 is new
2021-06-06 00:53:33 user_topics INFO: New parcel sending, size: 8
2021-06-06 00:53:33 user_topics INFO: Receive 33 (33/50)
2021-06-06 00:53:33 user_topics INFO: Document myDB-32 is new
2021-06-06 00:53:33 user_topics INFO: Receive 32 (32/50)
2021-06-06 00:53:33 user_topics INFO: Document myDB-31 is new
2021-06-06 00:53:33 user_topics INFO: Receive 31 (31/50)
2021-06-06 00:53:33 user_topics INFO: Document myDB-30 is new
2021-06-06 00:53:33 user_topics INFO: Receive 30 (30/50)
2021-06-06 00:53:33 user_topics INFO: Document myDB-29 is new
2021-06-06 00:53:33 user_topics INFO: Receive 29 (29/50)
2021-06-06 00:53:33 user_topics INFO: Document myDB-28 is new
2021-06-06 00:53:33 user_topics INFO: Receive 28 (28/50)
2021-06-06 00:53:33 user_topics INFO: Document myDB-27 is new
2021-06-06 00:53:33 user_topics INFO: Receive 27 (27/50)
2021-06-06 00:53:33 user_topics INFO: Document myDB-26 is new
2021-06-06 00:53:33 user_topics INFO: Receive 26 (26/50)
2021-06-06 00:53:33 user_topics INFO: Document myDB-25 is new
2021-06-06 00:53:33 user_topics INFO: New parcel sending, size: 8
2021-06-06 00:53:33 user_topics INFO: Receive 25 (25/50)
2021-06-06 00:53:33 user_topics INFO: Document myDB-24 is new
2021-06-06 00:53:33 user_topics INFO: Receive 24 (24/50)
2021-06-06 00:53:33 user_topics INFO: Document myDB-23 is new
2021-06-06 00:53:33 user_topics INFO: Receive 23 (23/50)
2021-06-06 00:53:33 user_topics INFO: Document myDB-22 is new
2021-06-06 00:53:33 user_topics INFO: Receive 22 (22/50)
2021-06-06 00:53:33 user_topics INFO: Document myDB-21 is new
2021-06-06 00:53:33 user_topics INFO: Receive 21 (21/50)
2021-06-06 00:53:33 user_topics INFO: Document myDB-20 is new
2021-06-06 00:53:33 user_topics INFO: Receive 20 (20/50)
2021-06-06 00:53:33 user_topics INFO: Document myDB-19 is new
2021-06-06 00:53:33 user_topics INFO: Receive 19 (19/50)
2021-06-06 00:53:33 user_topics INFO: Document myDB-18 is new
2021-06-06 00:53:33 user_topics INFO: Receive 18 (18/50)
2021-06-06 00:53:33 user_topics INFO: Document myDB-17 is new
2021-06-06 00:53:33 user_topics INFO: New parcel sending, size: 8
2021-06-06 00:53:33 user_topics INFO: Receive 17 (17/50)
2021-06-06 00:53:33 user_topics INFO: Document myDB-16 is new
2021-06-06 00:53:33 user_topics INFO: Receive 16 (16/50)
2021-06-06 00:53:33 user_topics INFO: Document myDB-15 is new
2021-06-06 00:53:33 user_topics INFO: Receive 15 (15/50)
2021-06-06 00:53:33 user_topics INFO: Document myDB-14 is new
2021-06-06 00:53:33 user_topics INFO: Receive 14 (14/50)
2021-06-06 00:53:33 user_topics INFO: Document myDB-13 is new
2021-06-06 00:53:33 user_topics INFO: Receive 13 (13/50)
2021-06-06 00:53:33 user_topics INFO: Document myDB-12 is new
2021-06-06 00:53:33 user_topics INFO: Receive 12 (12/50)
2021-06-06 00:53:33 user_topics INFO: Document myDB-11 is new
2021-06-06 00:53:33 user_topics INFO: Receive 11 (11/50)
2021-06-06 00:53:33 user_topics INFO: Document myDB-10 is new
2021-06-06 00:53:33 user_topics INFO: Receive 10 (10/50)
2021-06-06 00:53:33 user_topics INFO: Document myDB-9 is new
2021-06-06 00:53:33 user_topics INFO: New parcel sending, size: 8
2021-06-06 00:53:33 user_topics INFO: Receive 9 (9/50)
2021-06-06 00:53:33 user_topics INFO: Document myDB-8 is new
2021-06-06 00:53:33 user_topics INFO: Receive 8 (8/50)
2021-06-06 00:53:33 user_topics INFO: Document myDB-7 is new
2021-06-06 00:53:33 user_topics INFO: Receive 7 (7/50)
2021-06-06 00:53:33 user_topics INFO: Document myDB-6 is new
2021-06-06 00:53:33 user_topics INFO: Receive 6 (6/50)
2021-06-06 00:53:33 user_topics INFO: Document myDB-5 is new
2021-06-06 00:53:33 user_topics INFO: Receive 5 (5/50)
2021-06-06 00:53:33 user_topics INFO: Document myDB-4 is new
2021-06-06 00:53:33 user_topics INFO: Receive 4 (4/50)
2021-06-06 00:53:33 user_topics INFO: Document myDB-3 is new
2021-06-06 00:53:33 user_topics INFO: Receive 3 (3/50)
2021-06-06 00:53:33 user_topics INFO: Document myDB-2 is new
2021-06-06 00:53:33 user_topics INFO: Receive 2 (2/50)
2021-06-06 00:53:33 user_topics INFO: Document myDB-1 is new
2021-06-06 00:53:33 user_topics INFO: Receive 1 (1/50)
2021-06-06 00:53:33 user_topics INFO: Retrieved 50 objects ID
2021-06-06 00:53:33 user_topics INFO: Retrieving objects ID
2021-06-06 00:53:33 user_topics INFO: Connecting to source...
2021-06-06 00:53:33 user_topics INFO: Task is running
2021-06-06 00:53:32 user_topics WARNING: Creating new taskstore scheme
2021-06-06 00:53:32 user_topics WARNING: Fail to verify taskstore: no such table: documents 
